<?xml version="1.0" encoding="UTF-8"?>
<!-- Generated by org.testng.reporters.JUnitReportReporter -->
<testsuite name="com.wbl.grid.SauceLabsGridExample" tests="2" time="36.074" ignored="0" failures="0" timestamp="17 May 2017 19:55:42 GMT" skipped="0" hostname="KFAutie-S47" errors="0">
  <testcase name="testSauceLabs1" time="22.131" classname="com.wbl.grid.SauceLabsGridExample"/>
  <testcase name="testSauceLabs" time="13.943" classname="com.wbl.grid.SauceLabsGridExample"/>
</testsuite> <!-- com.wbl.grid.SauceLabsGridExample -->
